<?xml version="1.0" encoding="UTF-8"?>
<!-- Generated by org.testng.reporters.JUnitReportReporter -->
<testsuite hostname="IN002YHZ" failures="0" tests="1" name="com.assignmentapiproject.DayTwoRestAssured" time="4.107" errors="0" timestamp="2022-04-25T20:39:44 IST" skipped="0">
  <testcase classname="com.assignmentapiproject.DayTwoRestAssured" name="secondDayRestOne" time="4.107"/>
  <system-out/>
</testsuite> <!-- com.assignmentapiproject.DayTwoRestAssured -->
