<?xml version="1.0" encoding="UTF-8"?>
<!-- Generated by org.testng.reporters.JUnitReportReporter -->
<testsuite hostname="IN002YHZ" failures="0" tests="1" name="com.assignmentapiproject.FirstRestAssured" time="3.465" errors="0" timestamp="2022-04-24T15:59:50 IST" skipped="0">
  <testcase classname="com.assignmentapiproject.FirstRestAssured" name="secondRestAssuredMethod" time="3.465"/>
  <system-out/>
</testsuite> <!-- com.assignmentapiproject.FirstRestAssured -->
